<html>
<body>
<pre>
<h1>Vision Build Log</h1>
<h2>Project:</h2>
F:\00-Github Protues\Protues-with-C51\02-数码管显示\01-数码管动态刷新\01-Keil\Project\数码管动态显示.uvproj
Project File Date:  11/04/2022

<h2>Output:</h2>
compiling main.c...
..\Source\main.c - 0 Error(s), 0 Warning(s).
compiling main.c...
..\SOURCE\MAIN.C(5): error C132: 'show': not in formal parameter list
..\SOURCE\MAIN.C(8): error C132: 'main': not in formal parameter list
..\SOURCE\MAIN.C(8): error C141: syntax error near '{'
..\SOURCE\MAIN.C(12): error C132: 'show': not in formal parameter list
..\SOURCE\MAIN.C(15): error C141: syntax error near '}'
..\SOURCE\MAIN.C(18): error C141: syntax error near '500'
..\Source\main.c - 6 Error(s), 0 Warning(s).
compiling main.c...
..\SOURCE\MAIN.C(5): error C141: syntax error near '500'
..\SOURCE\MAIN.C(5): error C132: '_show': not in formal parameter list
..\SOURCE\MAIN.C(8): error C132: 'main': not in formal parameter list
..\SOURCE\MAIN.C(8): error C141: syntax error near '{'
..\SOURCE\MAIN.C(12): error C132: 'show': not in formal parameter list
..\SOURCE\MAIN.C(15): error C141: syntax error near '}'
..\SOURCE\MAIN.C(18): error C141: syntax error near '500'
..\Source\main.c - 7 Error(s), 0 Warning(s).
compiling main.c...
..\SOURCE\MAIN.C(5): error C141: syntax error near '500'
..\SOURCE\MAIN.C(5): error C132: '_show': not in formal parameter list
..\SOURCE\MAIN.C(8): error C132: 'main': not in formal parameter list
..\SOURCE\MAIN.C(8): error C141: syntax error near '{'
..\SOURCE\MAIN.C(12): error C132: 'show': not in formal parameter list
..\SOURCE\MAIN.C(15): error C141: syntax error near '}'
..\SOURCE\MAIN.C(18): error C141: syntax error near '500'
..\Source\main.c - 7 Error(s), 0 Warning(s).
compiling main.c...
..\SOURCE\MAIN.C(5): error C141: syntax error near '500'
..\SOURCE\MAIN.C(5): error C132: '_show': not in formal parameter list
..\SOURCE\MAIN.C(8): error C132: 'main': not in formal parameter list
..\SOURCE\MAIN.C(8): error C141: syntax error near '{'
..\SOURCE\MAIN.C(12): error C132: 'show': not in formal parameter list
..\SOURCE\MAIN.C(14): error C141: syntax error near '}'
..\SOURCE\MAIN.C(17): error C141: syntax error near ';', expected ')'
..\Source\main.c - 7 Error(s), 0 Warning(s).
Build target '目标 1'
compiling delay.c...
compiling main.c...
..\SOURCE\MAIN.C(5): error C141: syntax error near '500'
..\SOURCE\MAIN.C(5): error C132: '_show': not in formal parameter list
..\SOURCE\MAIN.C(8): error C132: 'main': not in formal parameter list
..\SOURCE\MAIN.C(8): error C141: syntax error near '{'
..\SOURCE\MAIN.C(12): error C132: 'show': not in formal parameter list
..\SOURCE\MAIN.C(14): error C141: syntax error near '}'
..\SOURCE\MAIN.C(17): error C141: syntax error near '500'
目标未创建
compiling main.c...
..\SOURCE\MAIN.C(5): error C141: syntax error near '500'
..\SOURCE\MAIN.C(5): error C132: '_show': not in formal parameter list
..\SOURCE\MAIN.C(8): error C132: 'main': not in formal parameter list
..\SOURCE\MAIN.C(8): error C141: syntax error near '{'
..\SOURCE\MAIN.C(12): error C132: 'show': not in formal parameter list
..\SOURCE\MAIN.C(14): error C141: syntax error near '}'
..\SOURCE\MAIN.C(17): error C141: syntax error near '500'
..\Source\main.c - 7 Error(s), 0 Warning(s).
compiling main.c...
..\SOURCE\MAIN.C(8): error C132: 'main': not in formal parameter list
..\SOURCE\MAIN.C(8): error C141: syntax error near '{'
..\SOURCE\MAIN.C(12): error C132: 'show': not in formal parameter list
..\SOURCE\MAIN.C(14): error C141: syntax error near '}'
..\SOURCE\MAIN.C(17): error C141: syntax error near '500'
..\Source\main.c - 5 Error(s), 0 Warning(s).
compiling main.c...
..\SOURCE\MAIN.C(5): error C141: syntax error near '500'
..\SOURCE\MAIN.C(6): error C132: '_show': not in formal parameter list
..\SOURCE\MAIN.C(6): error C141: syntax error near '{'
..\SOURCE\MAIN.C(7): error C136: 'i': 'void' on variable
..\SOURCE\MAIN.C(7): error C132: 'i': not in formal parameter list
..\SOURCE\MAIN.C(8): error C244: 'leddata': can't initialize, bad type or class
..\SOURCE\MAIN.C(34): error C132: 'leddata': not in formal parameter list
..\SOURCE\MAIN.C(35): error C141: syntax error near 'for'
..\SOURCE\MAIN.C(35): error C141: syntax error near '=', expected ')'
..\SOURCE\MAIN.C(35): error C129: missing ';' before '<'
..\Source\main.c - 10 Error(s), 0 Warning(s).
compiling main.c...
..\SOURCE\MAIN.C(5): error C141: syntax error near '500'
..\SOURCE\MAIN.C(6): error C132: '_show': not in formal parameter list
..\SOURCE\MAIN.C(6): error C141: syntax error near '{'
..\SOURCE\MAIN.C(7): error C136: 'i': 'void' on variable
..\SOURCE\MAIN.C(7): error C132: 'i': not in formal parameter list
..\SOURCE\MAIN.C(8): error C244: 'leddata': can't initialize, bad type or class
..\SOURCE\MAIN.C(34): error C132: 'leddata': not in formal parameter list
..\SOURCE\MAIN.C(35): error C141: syntax error near 'for'
..\SOURCE\MAIN.C(35): error C141: syntax error near '=', expected ')'
..\SOURCE\MAIN.C(35): error C129: missing ';' before '<'
..\Source\main.c - 10 Error(s), 0 Warning(s).
compiling main.c...
..\SOURCE\MAIN.C(5): error C141: syntax error near '500'
..\SOURCE\MAIN.C(6): error C132: '_show': not in formal parameter list
..\SOURCE\MAIN.C(6): error C141: syntax error near '{'
..\SOURCE\MAIN.C(7): error C136: 'i': 'void' on variable
..\SOURCE\MAIN.C(7): error C132: 'i': not in formal parameter list
..\SOURCE\MAIN.C(8): error C244: 'leddata': can't initialize, bad type or class
..\SOURCE\MAIN.C(34): error C132: 'leddata': not in formal parameter list
..\SOURCE\MAIN.C(35): error C141: syntax error near 'for'
..\SOURCE\MAIN.C(35): error C141: syntax error near '=', expected ')'
..\SOURCE\MAIN.C(35): error C129: missing ';' before '<'
..\Source\main.c - 10 Error(s), 0 Warning(s).
compiling main.c...
..\SOURCE\MAIN.C(9): error C132: 'main': not in formal parameter list
..\SOURCE\MAIN.C(9): error C141: syntax error near '{'
..\SOURCE\MAIN.C(10): error C136: 'i': 'void' on variable
..\SOURCE\MAIN.C(10): error C132: 'i': not in formal parameter list
..\SOURCE\MAIN.C(11): error C244: 'leddata': can't initialize, bad type or class
..\SOURCE\MAIN.C(37): error C132: 'leddata': not in formal parameter list
..\SOURCE\MAIN.C(38): error C141: syntax error near 'for'
..\SOURCE\MAIN.C(38): error C141: syntax error near '=', expected ')'
..\SOURCE\MAIN.C(38): error C129: missing ';' before '<'
..\Source\main.c - 9 Error(s), 0 Warning(s).
compiling main.c...
..\SOURCE\MAIN.C(10): error C132: 'main': not in formal parameter list
..\SOURCE\MAIN.C(10): error C141: syntax error near '{'
..\SOURCE\MAIN.C(11): error C136: 'i': 'void' on variable
..\SOURCE\MAIN.C(11): error C132: 'i': not in formal parameter list
..\SOURCE\MAIN.C(12): error C244: 'leddata': can't initialize, bad type or class
..\SOURCE\MAIN.C(38): error C132: 'leddata': not in formal parameter list
..\SOURCE\MAIN.C(39): error C141: syntax error near 'for'
..\SOURCE\MAIN.C(39): error C141: syntax error near '=', expected ')'
..\SOURCE\MAIN.C(39): error C129: missing ';' before '<'
..\Source\main.c - 9 Error(s), 0 Warning(s).
compiling main.c...
..\SOURCE\DELAY.H(39): error C202: 'x': undefined identifier
..\Source\main.c - 1 Error(s), 0 Warning(s).
Build target '目标 1'
compiling main.c...
..\SOURCE\DELAY.H(3): error C141: syntax error near ';'
..\SOURCE\DELAY.H(39): error C202: 'x': undefined identifier
目标未创建
compiling main.c...
..\SOURCE\DELAY.H(3): error C141: syntax error near ';'
..\SOURCE\DELAY.H(39): error C202: 'x': undefined identifier
..\Source\main.c - 2 Error(s), 0 Warning(s).
Build target '目标 1'
compiling main.c...
..\SOURCE\DELAY.H(3): error C141: syntax error near ';'
..\SOURCE\DELAY.H(39): error C202: 'x': undefined identifier
目标未创建
Build target '目标 1'
compiling main.c...
..\SOURCE\DELAY.H(3): error C141: syntax error near ';'
..\SOURCE\DELAY.H(39): error C202: 'x': undefined identifier
..\SOURCE\DELAY.H(42): error C202: 'delay_time': undefined identifier
目标未创建
compiling delay.c...
..\Source\delay.c - 0 Error(s), 0 Warning(s).
compiling main.c...
..\SOURCE\MAIN.C(39): error C202: 'x': undefined identifier
..\SOURCE\MAIN.C(42): error C202: 'delay_time': undefined identifier
..\Source\main.c - 2 Error(s), 0 Warning(s).
compiling main.c...
..\SOURCE\DELAY.H(3): error C141: syntax error near ';'
..\SOURCE\DELAY.H(39): error C202: 'x': undefined identifier
..\SOURCE\DELAY.H(42): error C202: 'delay_time': undefined identifier
..\Source\main.c - 3 Error(s), 0 Warning(s).
Build target '目标 1'
compiling main.c...
..\SOURCE\DELAY.H(3): error C141: syntax error near ';'
..\SOURCE\DELAY.H(36): error C202: 'x': undefined identifier
..\SOURCE\DELAY.H(39): error C202: 'delay_time': undefined identifier
目标未创建
compiling main.c...
..\SOURCE\DELAY.H(3): error C141: syntax error near ';'
..\SOURCE\DELAY.H(36): error C202: 'x': undefined identifier
..\SOURCE\DELAY.H(39): error C202: 'delay_time': undefined identifier
..\Source\main.c - 3 Error(s), 0 Warning(s).
Build target '目标 1'
compiling main.c...
..\SOURCE\MAIN.C(36): error C202: 'x': undefined identifier
..\SOURCE\MAIN.C(39): error C202: 'delay_time': undefined identifier
目标未创建
compiling main.c...
..\SOURCE\MAIN.C(36): error C202: 'x': undefined identifier
..\SOURCE\MAIN.C(39): error C202: 'delay_time': undefined identifier
..\Source\main.c - 2 Error(s), 0 Warning(s).
Build target '目标 1'
compiling main.c...
..\SOURCE\MAIN.C(36): error C202: 'x': undefined identifier
..\SOURCE\MAIN.C(39): error C202: 'delay_time': undefined identifier
目标未创建
compiling delay.c...
..\Source\delay.c - 0 Error(s), 0 Warning(s).
Build target '目标 1'
compiling main.c...
..\SOURCE\MAIN.C(36): error C202: 'x': undefined identifier
..\SOURCE\MAIN.C(39): error C202: 'delay_time': undefined identifier
目标未创建
compiling main.c...
..\SOURCE\MAIN.C(39): error C202: 'delay_time': undefined identifier
..\Source\main.c - 1 Error(s), 0 Warning(s).
compiling main.c...
..\SOURCE\MAIN.C(47): warning C206: 'show': missing function-prototype
..\Source\main.c - 0 Error(s), 1 Warning(s).
compiling main.c...
..\Source\main.c - 0 Error(s), 0 Warning(s).
compiling main.c...
..\Source\main.c - 0 Error(s), 0 Warning(s).
Build target '目标 1'
compiling delay.c...
compiling main.c...
linking...
Program Size: data=34.0 xdata=0 code=373
creating hex file from "..\Output\数码管动态显示"...
"..\Output\数码管动态显示" - 0 Error(s), 0 Warning(s).
Build target '目标 1'
compiling delay.c...
compiling main.c...
linking...
Program Size: data=34.0 xdata=0 code=376
creating hex file from "..\Output\数码管动态显示"...
"..\Output\数码管动态显示" - 0 Error(s), 0 Warning(s).
Build target '目标 1'
compiling delay.c...
compiling main.c...
linking...
Program Size: data=34.0 xdata=0 code=376
creating hex file from "..\Output\数码管动态显示"...
"..\Output\数码管动态显示" - 0 Error(s), 0 Warning(s).
Build target '目标 1'
compiling delay.c...
compiling main.c...
linking...
Program Size: data=59.0 xdata=0 code=438
creating hex file from "..\Output\数码管动态显示"...
"..\Output\数码管动态显示" - 0 Error(s), 0 Warning(s).
Build target '目标 1'
compiling delay.c...
compiling main.c...
..\SOURCE\MAIN.C(81): warning C276: constant in condition expression
..\SOURCE\MAIN.C(95): warning C276: constant in condition expression
linking...
Program Size: data=60.0 xdata=0 code=507
creating hex file from "..\Output\数码管动态显示"...
"..\Output\数码管动态显示" - 0 Error(s), 2 Warning(s).
Build target '目标 1'
compiling delay.c...
compiling main.c...
..\SOURCE\MAIN.C(95): warning C276: constant in condition expression
linking...
Program Size: data=61.0 xdata=0 code=531
creating hex file from "..\Output\数码管动态显示"...
"..\Output\数码管动态显示" - 0 Error(s), 1 Warning(s).
Build target '目标 1'
compiling delay.c...
compiling main.c...
linking...
Program Size: data=61.0 xdata=0 code=533
creating hex file from "..\Output\数码管动态显示"...
"..\Output\数码管动态显示" - 0 Error(s), 0 Warning(s).
Build target '目标 1'
compiling delay.c...
compiling main.c...
linking...
Program Size: data=61.0 xdata=0 code=467
creating hex file from "..\Output\数码管动态显示"...
"..\Output\数码管动态显示" - 0 Error(s), 0 Warning(s).
Build target '目标 1'
compiling delay.c...
compiling main.c...
linking...
Program Size: data=61.0 xdata=0 code=469
creating hex file from "..\Output\数码管动态显示"...
"..\Output\数码管动态显示" - 0 Error(s), 0 Warning(s).
Build target '目标 1'
compiling delay.c...
compiling main.c...
linking...
Program Size: data=61.0 xdata=0 code=469
creating hex file from "..\Output\数码管动态显示"...
"..\Output\数码管动态显示" - 0 Error(s), 0 Warning(s).
Build target '目标 1'
compiling delay.c...
compiling main.c...
linking...
Program Size: data=61.0 xdata=0 code=455
creating hex file from "..\Output\数码管动态显示"...
"..\Output\数码管动态显示" - 0 Error(s), 0 Warning(s).
Build target '目标 1'
compiling delay.c...
compiling main.c...
linking...
Program Size: data=61.0 xdata=0 code=420
creating hex file from "..\Output\数码管动态显示"...
"..\Output\数码管动态显示" - 0 Error(s), 0 Warning(s).
Build target '目标 1'
compiling delay.c...
compiling main.c...
..\SOURCE\MAIN.C(8): warning C280: 'i': unreferenced local variable
linking...
Program Size: data=61.0 xdata=0 code=455
creating hex file from "..\Output\数码管动态显示"...
"..\Output\数码管动态显示" - 0 Error(s), 1 Warning(s).
Build target '目标 1'
compiling delay.c...
compiling main.c...
linking...
Program Size: data=60.0 xdata=0 code=455
creating hex file from "..\Output\数码管动态显示"...
"..\Output\数码管动态显示" - 0 Error(s), 0 Warning(s).
Build target '目标 1'
compiling delay.c...
compiling main.c...
linking...
Program Size: data=60.0 xdata=0 code=455
creating hex file from "..\Output\数码管动态显示"...
"..\Output\数码管动态显示" - 0 Error(s), 0 Warning(s).
Build target '目标 1'
compiling delay.c...
compiling main.c...
linking...
Program Size: data=60.0 xdata=0 code=455
creating hex file from "..\Output\数码管动态显示"...
"..\Output\数码管动态显示" - 0 Error(s), 0 Warning(s).
Build target '目标 1'
compiling delay.c...
compiling main.c...
linking...
Program Size: data=60.0 xdata=0 code=455
creating hex file from "..\Output\数码管动态显示"...
"..\Output\数码管动态显示" - 0 Error(s), 0 Warning(s).
Build target '目标 1'
compiling delay.c...
compiling main.c...
linking...
Program Size: data=60.0 xdata=0 code=455
creating hex file from "..\Output\数码管动态显示"...
"..\Output\数码管动态显示" - 0 Error(s), 0 Warning(s).
Build target '目标 1'
compiling delay.c...
compiling main.c...
..\SOURCE\MAIN.C(8): warning C280: 'j': unreferenced local variable
linking...
Program Size: data=60.0 xdata=0 code=443
creating hex file from "..\Output\数码管动态显示"...
"..\Output\数码管动态显示" - 0 Error(s), 1 Warning(s).
Build target '目标 1'
compiling delay.c...
compiling main.c...
linking...
Program Size: data=59.0 xdata=0 code=443
creating hex file from "..\Output\数码管动态显示"...
"..\Output\数码管动态显示" - 0 Error(s), 0 Warning(s).
Build target '目标 1'
compiling delay.c...
compiling main.c...
linking...
Program Size: data=59.0 xdata=0 code=471
creating hex file from "..\Output\数码管动态显示"...
"..\Output\数码管动态显示" - 0 Error(s), 0 Warning(s).
Build target '目标 1'
compiling delay.c...
compiling main.c...
linking...
Program Size: data=59.0 xdata=0 code=471
creating hex file from "..\Output\数码管动态显示"...
"..\Output\数码管动态显示" - 0 Error(s), 0 Warning(s).
Build target '目标 1'
compiling delay.c...
compiling main.c...
linking...
Program Size: data=59.0 xdata=0 code=471
creating hex file from "..\Output\数码管动态显示"...
"..\Output\数码管动态显示" - 0 Error(s), 0 Warning(s).
Build target '目标 1'
compiling delay.c...
compiling main.c...
linking...
Program Size: data=59.0 xdata=0 code=471
creating hex file from "..\Output\数码管动态显示"...
"..\Output\数码管动态显示" - 0 Error(s), 0 Warning(s).
Build target '目标 1'
compiling delay.c...
compiling main.c...
linking...
Program Size: data=59.0 xdata=0 code=471
creating hex file from "..\Output\数码管动态显示"...
"..\Output\数码管动态显示" - 0 Error(s), 0 Warning(s).
Build target '目标 1'
compiling delay.c...
compiling main.c...
linking...
Program Size: data=59.0 xdata=0 code=471
creating hex file from "..\Output\数码管动态显示"...
"..\Output\数码管动态显示" - 0 Error(s), 0 Warning(s).
Build target '目标 1'
compiling delay.c...
compiling main.c...
linking...
Program Size: data=59.0 xdata=0 code=471
creating hex file from "..\Output\数码管动态显示"...
"..\Output\数码管动态显示" - 0 Error(s), 0 Warning(s).
Build target '目标 1'
compiling delay.c...
compiling main.c...
linking...
Program Size: data=59.0 xdata=0 code=471
creating hex file from "..\Output\数码管动态显示"...
"..\Output\数码管动态显示" - 0 Error(s), 0 Warning(s).
Build target '目标 1'
compiling delay.c...
compiling main.c...
linking...
Program Size: data=59.0 xdata=0 code=471
creating hex file from "..\Output\数码管动态显示"...
"..\Output\数码管动态显示" - 0 Error(s), 0 Warning(s).
Build target '目标 1'
compiling delay.c...
compiling main.c...
linking...
Program Size: data=59.0 xdata=0 code=471
creating hex file from "..\Output\数码管动态显示"...
"..\Output\数码管动态显示" - 0 Error(s), 0 Warning(s).
Build target '目标 1'
compiling delay.c...
compiling main.c...
linking...
Program Size: data=59.0 xdata=0 code=431
creating hex file from "..\Output\数码管动态显示"...
"..\Output\数码管动态显示" - 0 Error(s), 0 Warning(s).
Build target '目标 1'
compiling delay.c...
compiling main.c...
linking...
Program Size: data=59.0 xdata=0 code=431
creating hex file from "..\Output\数码管动态显示"...
"..\Output\数码管动态显示" - 0 Error(s), 0 Warning(s).
Build target '目标 1'
compiling delay.c...
compiling main.c...
linking...
Program Size: data=59.0 xdata=0 code=451
creating hex file from "..\Output\数码管动态显示"...
"..\Output\数码管动态显示" - 0 Error(s), 0 Warning(s).
Build target '目标 1'
compiling delay.c...
compiling main.c...
linking...
Program Size: data=59.0 xdata=0 code=495
creating hex file from "..\Output\数码管动态显示"...
"..\Output\数码管动态显示" - 0 Error(s), 0 Warning(s).
Build target '目标 1'
compiling delay.c...
compiling main.c...
linking...
Program Size: data=59.0 xdata=0 code=495
creating hex file from "..\Output\数码管动态显示"...
"..\Output\数码管动态显示" - 0 Error(s), 0 Warning(s).
Build target '目标 1'
compiling delay.c...
compiling main.c...
linking...
Program Size: data=67.0 xdata=0 code=675
creating hex file from "..\Output\数码管动态显示"...
"..\Output\数码管动态显示" - 0 Error(s), 0 Warning(s).
Build target '目标 1'
compiling delay.c...
compiling main.c...
..\SOURCE\MAIN.C(5): error C202: 'A': undefined identifier
..\SOURCE\MAIN.C(5): error C247: non-address/-constant initializer
..\SOURCE\MAIN.C(6): error C141: syntax error near 'void'
..\SOURCE\MAIN.C(7): error C141: syntax error near '{'
..\SOURCE\MAIN.C(8): error C247: non-address/-constant initializer
..\SOURCE\MAIN.C(68): error C141: syntax error near 'while'
..\SOURCE\MAIN.C(68): error C141: syntax error near '1'
..\SOURCE\MAIN.C(71): error C231: 'P2': redefinition
..\SOURCE\MAIN.C(71): error C231: 'P2': redefinition
..\SOURCE\MAIN.C(72): error C231: 'P1': redefinition
..\SOURCE\MAIN.C(72): error C231: 'P1': redefinition
..\SOURCE\MAIN.C(73): error C141: syntax error near '1'
..\SOURCE\MAIN.C(73): error C231: '_delay': redefinition
..\SOURCE\MAIN.C(75): error C279: 'P2': multiple initialization
..\SOURCE\MAIN.C(75): error C231: 'P2': redefinition
..\SOURCE\MAIN.C(75): error C231: 'P2': redefinition
..\SOURCE\MAIN.C(76): error C279: 'P1': multiple initialization
..\SOURCE\MAIN.C(76): error C231: 'P1': redefinition
..\SOURCE\MAIN.C(76): error C231: 'P1': redefinition
..\SOURCE\MAIN.C(77): error C141: syntax error near '1'
..\SOURCE\MAIN.C(77): error C231: '_delay': redefinition
..\SOURCE\MAIN.C(79): error C279: 'P2': multiple initialization
..\SOURCE\MAIN.C(79): error C231: 'P2': redefinition
..\SOURCE\MAIN.C(79): error C231: 'P2': redefinition
..\SOURCE\MAIN.C(80): error C279: 'P1': multiple initialization
..\SOURCE\MAIN.C(80): error C231: 'P1': redefinition
..\SOURCE\MAIN.C(80): error C231: 'P1': redefinition
..\SOURCE\MAIN.C(81): error C141: syntax error near '1'
..\SOURCE\MAIN.C(81): error C231: '_delay': redefinition
..\SOURCE\MAIN.C(83): error C279: 'P2': multiple initialization
..\SOURCE\MAIN.C(83): error C231: 'P2': redefinition
..\SOURCE\MAIN.C(83): error C231: 'P2': redefinition
..\SOURCE\MAIN.C(84): error C279: 'P1': multiple initialization
..\SOURCE\MAIN.C(84): error C231: 'P1': redefinition
..\SOURCE\MAIN.C(84): error C231: 'P1': redefinition
..\SOURCE\MAIN.C(85): error C141: syntax error near '1'
..\SOURCE\MAIN.C(85): error C231: '_delay': redefinition
..\SOURCE\MAIN.C(87): error C279: 'P2': multiple initialization
..\SOURCE\MAIN.C(87): error C231: 'P2': redefinition
..\SOURCE\MAIN.C(87): error C231: 'P2': redefinition
..\SOURCE\MAIN.C(88): error C279: 'P1': multiple initialization
..\SOURCE\MAIN.C(88): error C231: 'P1': redefinition
..\SOURCE\MAIN.C(88): error C231: 'P1': redefinition
..\SOURCE\MAIN.C(89): error C141: syntax error near '1'
..\SOURCE\MAIN.C(89): error C231: '_delay': redefinition
..\SOURCE\MAIN.C(91): error C279: 'P2': multiple initialization
..\SOURCE\MAIN.C(91): error C231: 'P2': redefinition
..\SOURCE\MAIN.C(91): error C231: 'P2': redefinition
..\SOURCE\MAIN.C(92): error C279: 'P1': multiple initialization
..\SOURCE\MAIN.C(92): error C231: 'P1': redefinition
..\SOURCE\MAIN.C(92): error C231: 'P1': redefinition
..\SOURCE\MAIN.C(93): error C141: syntax error near '1'
..\SOURCE\MAIN.C(93): error C231: '_delay': redefinition
..\SOURCE\MAIN.C(95): error C279: 'P2': multiple initialization
..\SOURCE\MAIN.C(95): error C231: 'P2': redefinition
..\SOURCE\MAIN.C(95): error C231: 'P2': redefinition
..\SOURCE\MAIN.C(96): error C279: 'P1': multiple initialization
..\SOURCE\MAIN.C(96): error C231: 'P1': redefinition
..\SOURCE\MAIN.C(96): error C231: 'P1': redefinition
..\SOURCE\MAIN.C(97): error C141: syntax error near '1'
..\SOURCE\MAIN.C(97): error C231: '_delay': redefinition
..\SOURCE\MAIN.C(99): error C279: 'P2': multiple initialization
..\SOURCE\MAIN.C(99): error C231: 'P2': redefinition
..\SOURCE\MAIN.C(99): error C231: 'P2': redefinition
..\SOURCE\MAIN.C(100): error C279: 'P1': multiple initialization
..\SOURCE\MAIN.C(100): error C231: 'P1': redefinition
..\SOURCE\MAIN.C(100): error C231: 'P1': redefinition
..\SOURCE\MAIN.C(101): error C141: syntax error near '1'
..\SOURCE\MAIN.C(101): error C231: '_delay': redefinition
..\SOURCE\MAIN.C(104): error C141: syntax error near '}'
目标未创建
Build target '目标 1'
compiling delay.c...
compiling main.c...
..\SOURCE\MAIN.C(5): error C202: 'A': undefined identifier
..\SOURCE\MAIN.C(5): error C247: non-address/-constant initializer
目标未创建
Build target '目标 1'
compiling delay.c...
compiling main.c...
..\SOURCE\MAIN.C(5): error C202: 'a': undefined identifier
..\SOURCE\MAIN.C(5): error C202: 'b': undefined identifier
目标未创建
Build target '目标 1'
compiling delay.c...
compiling main.c...
linking...
Program Size: data=67.0 xdata=0 code=675
creating hex file from "..\Output\数码管动态显示"...
"..\Output\数码管动态显示" - 0 Error(s), 0 Warning(s).
Build target '目标 1'
compiling delay.c...
compiling main.c...
linking...
Program Size: data=67.0 xdata=0 code=675
creating hex file from "..\Output\数码管动态显示"...
"..\Output\数码管动态显示" - 0 Error(s), 0 Warning(s).
Build target '目标 1'
compiling delay.c...
compiling main.c...
..\SOURCE\MAIN.C(5): error C243: 'array[]': string out of bounds
目标未创建
Build target '目标 1'
compiling delay.c...
compiling main.c...
..\SOURCE\MAIN.C(5): error C202: 'A': undefined identifier
..\SOURCE\MAIN.C(5): error C247: non-address/-constant initializer
目标未创建
Build target '目标 1'
compiling delay.c...
compiling main.c...
..\SOURCE\MAIN.C(5): error C202: 'A': undefined identifier
..\SOURCE\MAIN.C(5): error C247: non-address/-constant initializer
目标未创建
Build target '目标 1'
compiling delay.c...
compiling main.c...
linking...
Program Size: data=67.0 xdata=0 code=675
creating hex file from "..\Output\数码管动态显示"...
"..\Output\数码管动态显示" - 0 Error(s), 0 Warning(s).
Build target '目标 1'
compiling delay.c...
compiling main.c...
linking...
Program Size: data=67.0 xdata=0 code=675
creating hex file from "..\Output\数码管动态显示"...
"..\Output\数码管动态显示" - 0 Error(s), 0 Warning(s).
Build target '目标 1'
compiling delay.c...
compiling main.c...
linking...
Program Size: data=67.0 xdata=0 code=675
creating hex file from "..\Output\数码管动态显示"...
"..\Output\数码管动态显示" - 0 Error(s), 0 Warning(s).
Build target '目标 1'
compiling delay.c...
compiling main.c...
linking...
Program Size: data=67.0 xdata=0 code=675
creating hex file from "..\Output\数码管动态显示"...
"..\Output\数码管动态显示" - 0 Error(s), 0 Warning(s).
Build target '目标 1'
compiling delay.c...
compiling main.c...
linking...
*** WARNING L16: UNCALLED SEGMENT, IGNORED FOR OVERLAY PROCESS
    SEGMENT: ?PR?_DELAY?DELAY
Program Size: data=69.0 xdata=0 code=576
creating hex file from "..\Output\数码管动态显示"...
"..\Output\数码管动态显示" - 0 Error(s), 1 Warning(s).
Build target '目标 1'
compiling delay.c...
compiling main.c...
linking...
Program Size: data=69.0 xdata=0 code=587
creating hex file from "..\Output\数码管动态显示"...
"..\Output\数码管动态显示" - 0 Error(s), 0 Warning(s).
Build target '目标 1'
compiling delay.c...
compiling main.c...
linking...
Program Size: data=69.0 xdata=0 code=587
creating hex file from "..\Output\数码管动态显示"...
"..\Output\数码管动态显示" - 0 Error(s), 0 Warning(s).
Build target '目标 1'
compiling delay.c...
compiling main.c...
linking...
Program Size: data=65.0 xdata=0 code=583
creating hex file from "..\Output\数码管动态显示"...
"..\Output\数码管动态显示" - 0 Error(s), 0 Warning(s).
Build target '目标 1'
compiling delay.c...
compiling main.c...
linking...
Program Size: data=69.0 xdata=0 code=587
creating hex file from "..\Output\数码管动态显示"...
"..\Output\数码管动态显示" - 0 Error(s), 0 Warning(s).
Build target '目标 1'
compiling delay.c...
compiling main.c...
linking...
Program Size: data=69.0 xdata=0 code=587
creating hex file from "..\Output\数码管动态显示"...
"..\Output\数码管动态显示" - 0 Error(s), 0 Warning(s).
Build target '目标 1'
compiling delay.c...
compiling main.c...
linking...
Program Size: data=69.0 xdata=0 code=596
creating hex file from "..\Output\数码管动态显示"...
"..\Output\数码管动态显示" - 0 Error(s), 0 Warning(s).
Build target '目标 1'
compiling delay.c...
compiling main.c...
linking...
Program Size: data=69.0 xdata=0 code=587
creating hex file from "..\Output\数码管动态显示"...
"..\Output\数码管动态显示" - 0 Error(s), 0 Warning(s).
Build target '目标 1'
compiling delay.c...
compiling main.c...
linking...
Program Size: data=69.0 xdata=0 code=596
creating hex file from "..\Output\数码管动态显示"...
"..\Output\数码管动态显示" - 0 Error(s), 0 Warning(s).
Build target '目标 1'
compiling delay.c...
compiling main.c...
linking...
Program Size: data=69.0 xdata=0 code=598
creating hex file from "..\Output\数码管动态显示"...
"..\Output\数码管动态显示" - 0 Error(s), 0 Warning(s).
Build target '目标 1'
compiling delay.c...
compiling main.c...
linking...
Program Size: data=69.0 xdata=0 code=610
creating hex file from "..\Output\数码管动态显示"...
"..\Output\数码管动态显示" - 0 Error(s), 0 Warning(s).
Build target '目标 1'
compiling delay.c...
compiling main.c...
linking...
Program Size: data=69.0 xdata=0 code=596
creating hex file from "..\Output\数码管动态显示"...
"..\Output\数码管动态显示" - 0 Error(s), 0 Warning(s).
Build target '目标 1'
compiling delay.c...
compiling main.c...
linking...
Program Size: data=69.0 xdata=0 code=598
creating hex file from "..\Output\数码管动态显示"...
"..\Output\数码管动态显示" - 0 Error(s), 0 Warning(s).
Build target '目标 1'
compiling delay.c...
compiling main.c...
linking...
Program Size: data=69.0 xdata=0 code=595
creating hex file from "..\Output\数码管动态显示"...
"..\Output\数码管动态显示" - 0 Error(s), 0 Warning(s).
Build target '目标 1'
compiling delay.c...
compiling main.c...
linking...
Program Size: data=69.0 xdata=0 code=587
creating hex file from "..\Output\数码管动态显示"...
"..\Output\数码管动态显示" - 0 Error(s), 0 Warning(s).
Build target '目标 1'
compiling delay.c...
compiling main.c...
..\SOURCE\MAIN.C(70): error C231: 'Temp': redefinition
目标未创建
Build target '目标 1'
compiling delay.c...
compiling main.c...
..\SOURCE\MAIN.C(70): error C231: 'Temp': redefinition
目标未创建
Build target '目标 1'
compiling delay.c...
compiling main.c...
linking...
Program Size: data=68.0 xdata=0 code=584
creating hex file from "..\Output\数码管动态显示"...
"..\Output\数码管动态显示" - 0 Error(s), 0 Warning(s).
Build target '目标 1'
compiling delay.c...
compiling main.c...
linking...
Program Size: data=68.0 xdata=0 code=592
creating hex file from "..\Output\数码管动态显示"...
"..\Output\数码管动态显示" - 0 Error(s), 0 Warning(s).
Build target '目标 1'
compiling delay.c...
compiling main.c...
linking...
Program Size: data=68.0 xdata=0 code=585
creating hex file from "..\Output\数码管动态显示"...
"..\Output\数码管动态显示" - 0 Error(s), 0 Warning(s).
Build target '目标 1'
compiling main.c...
linking...
*** WARNING L16: UNCALLED SEGMENT, IGNORED FOR OVERLAY PROCESS
    SEGMENT: ?PR?_DELAY?DELAY
Program Size: data=17.0 xdata=0 code=194
creating hex file from "..\Output\数码管动态显示"...
"..\Output\数码管动态显示" - 0 Error(s), 1 Warning(s).
compiling main.c...
..\Source\main.c - 0 Error(s), 0 Warning(s).
compiling main.c...
..\SOURCE\MAIN.C(11): error C202: 'i': undefined identifier
..\SOURCE\MAIN.C(12): error C141: syntax error near 'void'
..\SOURCE\MAIN.C(12): error C202: 'i': undefined identifier
..\Source\main.c - 3 Error(s), 0 Warning(s).
Build target '目标 1'
compiling delay.c...
compiling main.c...
..\SOURCE\MAIN.C(11): error C202: 'i': undefined identifier
..\SOURCE\MAIN.C(12): error C202: 'i': undefined identifier
目标未创建
compiling main.c...
..\SOURCE\MAIN.C(11): error C202: 'i': undefined identifier
..\SOURCE\MAIN.C(12): error C202: 'i': undefined identifier
..\Source\main.c - 2 Error(s), 0 Warning(s).
compiling main.c...
..\SOURCE\MAIN.C(13): warning C206: 'display': missing function-prototype
..\SOURCE\MAIN.C(13): error C267: 'display': requires ANSI-style prototype
..\Source\main.c - 1 Error(s), 1 Warning(s).
compiling main.c...
..\SOURCE\MAIN.C(14): warning C206: 'display': missing function-prototype
..\SOURCE\MAIN.C(14): error C267: 'display': requires ANSI-style prototype
..\Source\main.c - 1 Error(s), 1 Warning(s).
compiling main.c...
..\SOURCE\MAIN.C(12): error C141: syntax error near ']'
..\Source\main.c - 1 Error(s), 0 Warning(s).
compiling main.c...
..\SOURCE\MAIN.C(12): error C141: syntax error near ']'
..\Source\main.c - 1 Error(s), 0 Warning(s).
compiling main.c...
..\SOURCE\MAIN.C(12): error C141: syntax error near ']'
..\Source\main.c - 1 Error(s), 0 Warning(s).
compiling main.c...
..\SOURCE\MAIN.C(12): error C141: syntax error near ']'
..\Source\main.c - 1 Error(s), 0 Warning(s).
compiling main.c...
..\SOURCE\MAIN.C(12): warning C206: 'display': missing function-prototype
..\SOURCE\MAIN.C(12): error C267: 'display': requires ANSI-style prototype
..\Source\main.c - 1 Error(s), 1 Warning(s).
compiling main.c...
..\SOURCE\MAIN.C(12): warning C206: 'display': missing function-prototype
..\SOURCE\MAIN.C(12): error C267: 'display': requires ANSI-style prototype
..\Source\main.c - 1 Error(s), 1 Warning(s).
compiling main.c...
..\SOURCE\MAIN.C(12): warning C206: 'display': missing function-prototype
..\SOURCE\MAIN.C(12): error C267: 'display': requires ANSI-style prototype
..\Source\main.c - 1 Error(s), 1 Warning(s).
compiling main.c...
..\Source\main.c(4): warning C318: can't open file 'display.h'
..\SOURCE\MAIN.C(12): warning C206: 'display': missing function-prototype
..\SOURCE\MAIN.C(12): error C267: 'display': requires ANSI-style prototype
..\Source\main.c - 1 Error(s), 2 Warning(s).
compiling main.c...
..\SOURCE\MAIN.C(12): warning C206: 'display': missing function-prototype
..\SOURCE\MAIN.C(12): error C267: 'display': requires ANSI-style prototype
..\Source\main.c - 1 Error(s), 1 Warning(s).
compiling main.c...
..\SOURCE\MAIN.C(7): error C141: syntax error near '[', expected ')'
..\SOURCE\MAIN.C(14): error C208: '_display': too many actual parameters
..\Source\main.c - 2 Error(s), 0 Warning(s).
Build target '目标 1'
compiling delay.c...
compiling main.c...
..\SOURCE\MAIN.C(7): error C141: syntax error near '[', expected ')'
..\SOURCE\MAIN.C(14): error C208: '_display': too many actual parameters
目标未创建
Build target '目标 1'
compiling main.c...
..\SOURCE\MAIN.C(7): error C141: syntax error near '[', expected ')'
..\SOURCE\MAIN.C(14): error C208: '_display': too many actual parameters
目标未创建
Build target '目标 1'
compiling delay.c...
compiling main.c...
..\SOURCE\MAIN.C(7): error C141: syntax error near '[', expected ')'
..\SOURCE\MAIN.C(14): error C208: '_display': too many actual parameters
目标未创建
Build target '目标 1'
compiling delay.c...
compiling main.c...
..\SOURCE\MAIN.C(14): warning C214: 'Argument': conversion: pointer to non-pointer
linking...
*** WARNING L16: UNCALLED SEGMENT, IGNORED FOR OVERLAY PROCESS
    SEGMENT: ?PR?_DELAY?DELAY
*** WARNING L1: UNRESOLVED EXTERNAL SYMBOL
    SYMBOL:  _DISPLAY
    MODULE:  ..\Output\main.obj (MAIN)
*** WARNING L2: REFERENCE MADE TO UNRESOLVED EXTERNAL
    SYMBOL:  _DISPLAY
    MODULE:  ..\Output\main.obj (MAIN)
    ADDRESS: 00BFH
Program Size: data=18.0 xdata=0 code=206
creating hex file from "..\Output\数码管动态显示"...
"..\Output\数码管动态显示" - 0 Error(s), 4 Warning(s).
